Arguments: 
  /usr/bin/node /usr/bin/yarn add --dev @types/zlib

PATH: 
  /home/jepoisso/anaconda3/bin:/home/jepoisso/anaconda3/condabin:/usr/local/sbin:/usr/local/bin:/usr/sbin:/usr/bin:/sbin:/bin:/usr/games:/usr/local/games:/snap/bin

Yarn version: 
  1.21.1

Node version: 
  16.14.0

Platform: 
  linux x64

Trace: 
  Error: https://domoreexp.pkgs.visualstudio.com/_packaging/npm-mirror/npm/registry/@types%2fzlib: The package '@types/zlib' was not found in feed 'npm-mirror'
      at Request.params.callback [as _callback] (/usr/lib/node_modules/yarn/lib/cli.js:66947:18)
      at Request.self.callback (/usr/lib/node_modules/yarn/lib/cli.js:140665:22)
      at Request.emit (node:events:520:28)
      at Request.<anonymous> (/usr/lib/node_modules/yarn/lib/cli.js:141637:10)
      at Request.emit (node:events:520:28)
      at IncomingMessage.<anonymous> (/usr/lib/node_modules/yarn/lib/cli.js:141559:12)
      at Object.onceWrapper (node:events:639:28)
      at IncomingMessage.emit (node:events:532:35)
      at endReadableNT (node:internal/streams/readable:1346:12)
      at processTicksAndRejections (node:internal/process/task_queues:83:21)

npm manifest: 
  {
    "name": "dda-extractor",
    "version": "1.0.0",
    "description": "",
    "main": "index.js",
    "scripts": {
      "test": "echo \"Error: no test specified\" && exit 1",
      "start": "node dist/index.js"
    },
    "keywords": [],
    "author": "",
    "license": "ISC",
    "devDependencies": {
      "@types/node": "^18.11.18",
      "typescript": "^5.0.0-dev.20221109"
    },
    "dependencies": {
      "zlib": "^1.0.5"
    }
  }

yarn manifest: 
  No manifest

Lockfile: 
  # THIS IS AN AUTOGENERATED FILE. DO NOT EDIT THIS FILE DIRECTLY.
  # yarn lockfile v1
  
  
  "@types/node@^18.11.18":
    version "18.11.18"
    resolved "https://domoreexp.pkgs.visualstudio.com/_packaging/npm-mirror/npm/registry/@types/node/-/node-18.11.18.tgz"
    integrity sha1-jfuX8Nojwik+VUxaUNYe8TTXaX8=
  
  typescript@^5.0.0-dev.20221109:
    version "5.0.0-dev.20221109"
    resolved "https://domoreexp.pkgs.visualstudio.com/_packaging/npm-mirror/npm/registry/typescript/-/typescript-5.0.0-dev.20221109.tgz"
    integrity sha1-9RoHMaEpu6sIwSt3bIt/9CxumLI=
  
  zlib@^1.0.5:
    version "1.0.5"
    resolved "https://domoreexp.pkgs.visualstudio.com/_packaging/npm-mirror/npm/registry/zlib/-/zlib-1.0.5.tgz#6e7c972fc371c645a6afb03ab14769def114fcc0"
    integrity sha1-bnyXL8NxxkWmr7A6sUdp3vEU/MA=
